lscgid: execve():/opt/alt/python38/bin/lswsgi: No such file or directory
lscgid: execve():/opt/alt/python38/bin/lswsgi: No such file or directory
lscgid: execve():/opt/alt/python38/bin/lswsgi: No such file or directory
lscgid: execve():/opt/alt/python38/bin/lswsgi: No such file or directory
lscgid: execve():/opt/alt/python38/bin/lswsgi: No such file or directory
lscgid: execve():/opt/alt/python38/bin/lswsgi: No such file or directory
lscgid: execve():/opt/alt/python38/bin/lswsgi: No such file or directory
lscgid: execve():/opt/alt/python38/bin/lswsgi: No such file or directory
lscgid: execve():/opt/alt/python38/bin/lswsgi: No such file or directory
lscgid: execve():/opt/alt/python38/bin/lswsgi: No such file or directory
lscgid: execve():/opt/alt/python38/bin/lswsgi: No such file or directory
lscgid: execve():/opt/alt/python38/bin/lswsgi: No such file or directory
lscgid: execve():/opt/alt/python38/bin/lswsgi: No such file or directory
lscgid: execve():/opt/alt/python38/bin/lswsgi: No such file or directory
lscgid: execve():/opt/alt/python38/bin/lswsgi: No such file or directory
lscgid: execve():/opt/alt/python38/bin/lswsgi: No such file or directory
lscgid: execve():/opt/alt/python38/bin/lswsgi: No such file or directory
lscgid: execve():/opt/alt/python38/bin/lswsgi: No such file or directory
lscgid: execve():/opt/alt/python38/bin/lswsgi: No such file or directory
lscgid: execve():/opt/alt/python38/bin/lswsgi: No such file or directory
lscgid: execve():/opt/alt/python38/bin/lswsgi: No such file or directory
lscgid: execve():/opt/alt/python38/bin/lswsgi: No such file or directory
lscgid: execve():/opt/alt/python38/bin/lswsgi: No such file or directory
lscgid: execve():/opt/alt/python38/bin/lswsgi: No such file or directory
lscgid: execve():/opt/alt/python38/bin/lswsgi: No such file or directory
lscgid: execve():/opt/alt/python38/bin/lswsgi: No such file or directory
lscgid: execve():/opt/alt/python38/bin/lswsgi: No such file or directory
lscgid: execve():/opt/alt/python38/bin/lswsgi: No such file or directory
lscgid: execve():/opt/alt/python38/bin/lswsgi: No such file or directory
lscgid: execve():/opt/alt/python38/bin/lswsgi: No such file or directory
lscgid: execve():/opt/alt/python38/bin/lswsgi: No such file or directory
lscgid: execve():/opt/alt/python38/bin/lswsgi: No such file or directory
lscgid: execve():/opt/alt/python38/bin/lswsgi: No such file or directory
lscgid: execve():/opt/alt/python38/bin/lswsgi: No such file or directory
lscgid: execve():/opt/alt/python38/bin/lswsgi: No such file or directory
lscgid: execve():/opt/alt/python38/bin/lswsgi: No such file or directory
lscgid: execve():/opt/alt/python38/bin/lswsgi: No such file or directory
lscgid: execve():/opt/alt/python38/bin/lswsgi: No such file or directory
lscgid: execve():/opt/alt/python38/bin/lswsgi: No such file or directory
lscgid: execve():/opt/alt/python38/bin/lswsgi: No such file or directory
lscgid: execve():/opt/alt/python38/bin/lswsgi: No such file or directory
lscgid: execve():/opt/alt/python38/bin/lswsgi: No such file or directory
lscgid: execve():/opt/alt/python38/bin/lswsgi: No such file or directory
lscgid: execve():/opt/alt/python38/bin/lswsgi: No such file or directory
lscgid: execve():/opt/alt/python38/bin/lswsgi: No such file or directory
lscgid: execve():/opt/alt/python38/bin/lswsgi: No such file or directory
lscgid: execve():/opt/alt/python38/bin/lswsgi: No such file or directory
lscgid: execve():/opt/alt/python38/bin/lswsgi: No such file or directory
lscgid: execve():/opt/alt/python38/bin/lswsgi: No such file or directory
lscgid: execve():/opt/alt/python38/bin/lswsgi: No such file or directory
lscgid: execve():/opt/alt/python38/bin/lswsgi: No such file or directory
lscgid: execve():/opt/alt/python38/bin/lswsgi: No such file or directory
lscgid: execve():/opt/alt/python38/bin/lswsgi: No such file or directory
lscgid: execve():/opt/alt/python38/bin/lswsgi: No such file or directory
lscgid: execve():/opt/alt/python38/bin/lswsgi: No such file or directory
lscgid: execve():/opt/alt/python38/bin/lswsgi: No such file or directory
lscgid: execve():/opt/alt/python38/bin/lswsgi: No such file or directory
lscgid: execve():/opt/alt/python38/bin/lswsgi: No such file or directory
lscgid: execve():/opt/alt/python38/bin/lswsgi: No such file or directory
lscgid: execve():/opt/alt/python38/bin/lswsgi: No such file or directory
lscgid: execve():/opt/alt/python38/bin/lswsgi: No such file or directory
[UID:2630][152977] Child process with pid: 153134 was killed by signal: 15, core dump: 0
OSError: LSAPI: Socket read/write error
OSError: LSAPI: File error
OSError: LSAPI: File error
OSError: LSAPI: Socket read/write error
OSError: LSAPI: Socket read/write error
[UID:2630][1810020] Reached max children process limit: 6, extra: 2, current: 8, busy: 7, please increase LSAPI_CHILDREN.
[UID:2630][1810020] Reached max children process limit: 6, extra: 2, current: 8, busy: 8, please increase LSAPI_CHILDREN.
[UID:2630][1810020] Reached max children process limit: 6, extra: 2, current: 8, busy: 8, please increase LSAPI_CHILDREN.
[UID:2630][1810020] Reached max children process limit: 6, extra: 2, current: 8, busy: 8, please increase LSAPI_CHILDREN.
[UID:2630][1810020] Reached max children process limit: 6, extra: 2, current: 8, busy: 8, please increase LSAPI_CHILDREN.
[UID:2630][1810020] Reached max children process limit: 6, extra: 2, current: 8, busy: 7, please increase LSAPI_CHILDREN.
[UID:2630][1810020] Reached max children process limit: 6, extra: 2, current: 8, busy: 8, please increase LSAPI_CHILDREN.
[UID:2630][1810020] Reached max children process limit: 6, extra: 2, current: 8, busy: 8, please increase LSAPI_CHILDREN.
[UID:2630][1810020] Reached max children process limit: 6, extra: 2, current: 8, busy: 8, please increase LSAPI_CHILDREN.
[UID:2630][1810020] Reached max children process limit: 6, extra: 2, current: 8, busy: 8, please increase LSAPI_CHILDREN.
[UID:2630][1810020] Reached max children process limit: 6, extra: 2, current: 8, busy: 8, please increase LSAPI_CHILDREN.
[UID:2630][1810020] Reached max children process limit: 6, extra: 2, current: 8, busy: 8, please increase LSAPI_CHILDREN.
[UID:2630][1810020] Reached max children process limit: 6, extra: 2, current: 8, busy: 8, please increase LSAPI_CHILDREN.
[UID:2630][1810020] Reached max children process limit: 6, extra: 2, current: 8, busy: 8, please increase LSAPI_CHILDREN.
[UID:2630][1810020] Reached max children process limit: 6, extra: 2, current: 8, busy: 8, please increase LSAPI_CHILDREN.
[UID:2630][1810020] Reached max children process limit: 6, extra: 2, current: 8, busy: 8, please increase LSAPI_CHILDREN.
[UID:2630][1810020] Reached max children process limit: 6, extra: 2, current: 8, busy: 7, please increase LSAPI_CHILDREN.
[UID:2630][1810020] Reached max children process limit: 6, extra: 2, current: 8, busy: 8, please increase LSAPI_CHILDREN.
[UID:2630][1810020] Reached max children process limit: 6, extra: 2, current: 8, busy: 8, please increase LSAPI_CHILDREN.
[UID:2630][1810020] Reached max children process limit: 6, extra: 2, current: 8, busy: 8, please increase LSAPI_CHILDREN.
[UID:2630][1810020] Reached max children process limit: 6, extra: 2, current: 8, busy: 8, please increase LSAPI_CHILDREN.
[UID:2630][1810020] Reached max children process limit: 6, extra: 2, current: 8, busy: 8, please increase LSAPI_CHILDREN.
[UID:2630][1810020] Reached max children process limit: 6, extra: 2, current: 8, busy: 8, please increase LSAPI_CHILDREN.
[UID:2630][1810020] Reached max children process limit: 6, extra: 2, current: 8, busy: 8, please increase LSAPI_CHILDREN.
[UID:2630][1810020] Reached max children process limit: 6, extra: 2, current: 8, busy: 8, please increase LSAPI_CHILDREN.
[UID:2630][1810020] Reached max children process limit: 6, extra: 2, current: 8, busy: 8, please increase LSAPI_CHILDREN.
[UID:2630][1810020] Reached max children process limit: 6, extra: 2, current: 8, busy: 8, please increase LSAPI_CHILDREN.
[UID:2630][1810020] Reached max children process limit: 6, extra: 2, current: 8, busy: 7, please increase LSAPI_CHILDREN.
[UID:2630][1810020] Reached max children process limit: 6, e[UID:2630][1810020] Reached max children process limit: 6, extra: 2, current: 8, busy: 7, please increase LSAPI_CHILDREN.
[UID:2630][1810020] Reached max children process limit: 6, extra: 2, current: 8, busy: 8, please increase LSAPI_CHILDREN.
[UID:2630][1810020] Reached max children process limit: 6, extra: 2, current: 8, busy: 8, please increase LSAPI_CHILDREN.
[UID:2630][1810020] Reached max children process limit: 6, extra: 2, current: 8, busy: 8, please increase LSAPI_CHILDREN.
[UID:2630][1810020] Reached max children process limit: 6, extra: 2, current: 8, busy: 8, please increase LSAPI_CHILDREN.
[UID:2630][1810020] Reached max children process limit: 6, extra: 2, current: 8, busy: 8, please increase LSAPI_CHILDREN.
[UID:2630][1810020] Reached max children process limit: 6, extra: 2, current: 8, busy: 8, please increase LSAPI_CHILDREN.
[UID:2630][1810020] Reached max children process limit: 6, extra: 2, current: 8, busy: 8, please increase LSAPI_CHILDREN.
[UID:2630][1810020] Reached max children process limit: 6, extra: 2, current: 8, busy: 8, please increase LSAPI_CHILDREN.
[UID:2630][1810020] Reached max children process limit: 6, extra: 2, current: 8, busy: 8, please increase LSAPI_CHILDREN.
[UID:2630][1810020] Reached max children process limit: 6, extra: 2, current: 8, busy: 8, please increase LSAPI_CHILDREN.
[UID:2630][1810020] Reached max children process limit: 6, extra: 2, current: 8, busy: 8, please increase LSAPI_CHILDREN.
[UID:2630][1810020] Reached max children process limit: 6, extra: 2, current: 8, busy: 8, please increase LSAPI_CHILDREN.
[UID:2630][1810020] Reached max children process limit: 6, extra: 2, current: 8, busy: 8, please increase LSAPI_CHILDREN.
[UID:2630][1810020] Reached max children process limit: 6, extra: 2, current: 8, busy: 8, please increase LSAPI_CHILDREN.
[UID:2630][1810020] Reached max children process limit: 6, extra: 2, current: 8, busy: 7, please increase LSAPI_CHILDREN.
[UID:2630][1810020] Reached max children process limit: 6, extra: 2, current: 8, busy: 8, please increase LSAPI_CHILDREN.
[UID:2630][1810020] Reached max children process limit: 6, extra: 2, current: 8, busy: 8, please increase LSAPI_CHILDREN.
[UID:2630][1810020] Reached max children process limit: 6, extra: 2, current: 8, busy: 8, please increase LSAPI_CHILDREN.
[UID:2630][1810020] Reached max children process limit: 6, extra: 2, current: 8, busy: 8, please increase LSAPI_CHILDREN.
[UID:2630][1810020] Reached max children process limit: 6, extra: 2, current: 8, busy: 8, please increase LSAPI_CHILDREN.
[UID:2630][1810020] Reached max children process limit: 6, extra: 2, current: 8, busy: 8, please increase LSAPI_CHILDREN.
[UID:2630][1810020] Reached max children process limit: 6, extra: 2, current: 8, busy: 8, please increase LSAPI_CHILDREN.
[UID:2630][1810020] Reached max children process limit: 6, extra: 2, current: 8, busy: 8, please increase LSAPI_CHILDREN.
[UID:2630][1810020] Reached max children process limit: 6, extra: 2, current: 8, busy: 8, please increase LSAPI_CHILDREN.
[UID:2630][1810020] Reached max children process limit: 6, extra: 2, current: 8, busy: 8, please increase LSAPI_CHILDREN.
[UID:2630][1810020] Reached max children process limit: 6, extra: 2, current: 8, busy: 8, please increase LSAPI_CHILDREN.
[UID:2630][1810020] Reached max children process limit: 6, extra: 2, current: 8, busy: 8, please increase LSAPI_CHILDREN.
[UID:2630][1810020] Reached max children process limit: 6, extra: 2, current: 8, busy: 8, please increase LSAPI_CHILDREN.
[UID:2630][1810020] Reached max children process limit: 6, extra: 2, current: 8, busy: 8, please increase LSAPI_CHILDREN.
[UID:2630][1810020] Reached max children process limit: 6, extra: 2, current: 8, busy: 8, please increase LSAPI_CHILDREN.
[UID:2630][1810020] Reached max children process limit: 6, extra: 2, current: 8, busy: 8, please increase LSAPI_CHILDREN.
[UID:2630][1810020] Reached max children process limit: 6, extra: 2, current: 8, busy: 8, please increase LSAPI_CHILDREN.
[UID:2630][1810020] Reached max children process limit: 6, extra: 2, current: 8, busy: 8, please increase LSAPI_CHILDREN.
[UID:2630][1810020] Reached max children process limit: 6, extra: 2, current: 8, busy: 7, please increase LSAPI_CHILDREN.
OSError: LSAPI: File error
[UID:2630][1810020] Reached max children process limit: 6, extra: 2, current: 8, busy: 7, please increase LSAPI_CHILDREN.
[UID:2630][1810020] Reached max children process limit: 6, extra: 2, current: 8, busy: 8, please increase LSAPI_CHILDREN.
[UID:2630][1810020] Reached max children process limit: 6, extra: 2, current: 8, busy: 8, please increase LSAPI_CHILDREN.
[UID:2630][1810020] Reached max children process limit: 6, extra: 2, current: 8, busy: 8, please increase LSAPI_CHILDREN.
[UID:2630][1810020] Reached max children process limit: 6, extra: 2, current: 8, busy: 8, please increase LSAPI_CHILDREN.
[UID:2630][1810020] Reached max children process limit: 6, extra: 2, current: 8, busy: 8, please increase LSAPI_CHILDREN.
[UID:2630][1810020] Reached max children process limit: 6, extra: 2, current: 8, busy: 8, please increase LSAPI_CHILDREN.
[UID:2630][1810020] Reached max children process limit: 6, extra: 2, current: 8, busy: 8, please increase LSAPI_CHILDREN.
[UID:2630][1810020] Reached max children process limit: 6, extra: 2, current: 8, busy: 8, please increase LSAPI_CHILDREN.
[UID:2630][1810020] Reached max children process limit: 6, extra: 2, current: 8, busy: 8, please increase LSAPI_CHILDREN.
[UID:2630][1810020] Reached max children process limit: 6, extra: 2, current: 8, busy: 8, please increase LSAPI_CHILDREN.
[UID:2630][1810020] Reached max children process limit: 6, extra: 2, current: 8, busy: 7, please increase LSAPI_CHILDREN.
[UID:2630][1810020] Reached max children process limit: 6, extra: 2, current: 8, busy: 8, please increase LSAPI_CHILDREN.
[UID:2630][1810020] Reached max children process limit: 6, extra: 2, current: 8, busy: 8, please increase LSAPI_CHILDREN.
[UID:2630][1810020] Reached max children process limit: 6, extra: 2, current: 8, busy: 8, please increase LSAPI_CHILDREN.
[UID:2630][1810020] Reached max children process limit: 6, extra: 2, current: 8, busy: 7, please increase LSAPI_CHILDREN.
